mode: set
github.com/KaranAhlawat/ddgf/internal/repo/gen/advice.sql.go:19.73,22.2 2 1
github.com/KaranAhlawat/ddgf/internal/repo/gen/advice.sql.go:35.93,40.2 4 1
github.com/KaranAhlawat/ddgf/internal/repo/gen/advice.sql.go:49.83,54.2 4 1
github.com/KaranAhlawat/ddgf/internal/repo/gen/advice.sql.go:62.72,64.16 2 1
github.com/KaranAhlawat/ddgf/internal/repo/gen/advice.sql.go:67.2,69.18 3 1
github.com/KaranAhlawat/ddgf/internal/repo/gen/advice.sql.go:76.2,76.37 1 1
github.com/KaranAhlawat/ddgf/internal/repo/gen/advice.sql.go:79.2,79.35 1 1
github.com/KaranAhlawat/ddgf/internal/repo/gen/advice.sql.go:82.2,82.19 1 1
github.com/KaranAhlawat/ddgf/internal/repo/gen/advice.sql.go:64.16,66.3 1 1
github.com/KaranAhlawat/ddgf/internal/repo/gen/advice.sql.go:69.18,71.54 2 1
github.com/KaranAhlawat/ddgf/internal/repo/gen/advice.sql.go:74.3,74.27 1 1
github.com/KaranAhlawat/ddgf/internal/repo/gen/advice.sql.go:71.54,73.4 1 0
github.com/KaranAhlawat/ddgf/internal/repo/gen/advice.sql.go:76.37,78.3 1 0
github.com/KaranAhlawat/ddgf/internal/repo/gen/advice.sql.go:79.35,81.3 1 1
github.com/KaranAhlawat/ddgf/internal/repo/gen/advice.sql.go:96.83,99.2 2 1
github.com/KaranAhlawat/ddgf/internal/repo/gen/advice_tag.sql.go:25.97,28.2 2 1
github.com/KaranAhlawat/ddgf/internal/repo/gen/advice_tag.sql.go:42.113,47.2 4 1
github.com/KaranAhlawat/ddgf/internal/repo/gen/advice_tag.sql.go:65.111,67.16 2 1
github.com/KaranAhlawat/ddgf/internal/repo/gen/advice_tag.sql.go:70.2,72.18 3 1
github.com/KaranAhlawat/ddgf/internal/repo/gen/advice_tag.sql.go:79.2,79.37 1 1
github.com/KaranAhlawat/ddgf/internal/repo/gen/advice_tag.sql.go:82.2,82.35 1 1
github.com/KaranAhlawat/ddgf/internal/repo/gen/advice_tag.sql.go:85.2,85.19 1 1
github.com/KaranAhlawat/ddgf/internal/repo/gen/advice_tag.sql.go:67.16,69.3 1 0
github.com/KaranAhlawat/ddgf/internal/repo/gen/advice_tag.sql.go:72.18,74.60 2 1
github.com/KaranAhlawat/ddgf/internal/repo/gen/advice_tag.sql.go:77.3,77.27 1 1
github.com/KaranAhlawat/ddgf/internal/repo/gen/advice_tag.sql.go:74.60,76.4 1 0
github.com/KaranAhlawat/ddgf/internal/repo/gen/advice_tag.sql.go:79.37,81.3 1 0
github.com/KaranAhlawat/ddgf/internal/repo/gen/advice_tag.sql.go:82.35,84.3 1 0
github.com/KaranAhlawat/ddgf/internal/repo/gen/advice_tag.sql.go:104.88,106.16 2 1
github.com/KaranAhlawat/ddgf/internal/repo/gen/advice_tag.sql.go:109.2,111.18 3 1
github.com/KaranAhlawat/ddgf/internal/repo/gen/advice_tag.sql.go:118.2,118.37 1 1
github.com/KaranAhlawat/ddgf/internal/repo/gen/advice_tag.sql.go:121.2,121.35 1 1
github.com/KaranAhlawat/ddgf/internal/repo/gen/advice_tag.sql.go:124.2,124.19 1 1
github.com/KaranAhlawat/ddgf/internal/repo/gen/advice_tag.sql.go:106.16,108.3 1 0
github.com/KaranAhlawat/ddgf/internal/repo/gen/advice_tag.sql.go:111.18,113.66 2 1
github.com/KaranAhlawat/ddgf/internal/repo/gen/advice_tag.sql.go:116.3,116.27 1 1
github.com/KaranAhlawat/ddgf/internal/repo/gen/advice_tag.sql.go:113.66,115.4 1 0
github.com/KaranAhlawat/ddgf/internal/repo/gen/advice_tag.sql.go:118.37,120.3 1 0
github.com/KaranAhlawat/ddgf/internal/repo/gen/advice_tag.sql.go:121.35,123.3 1 0
github.com/KaranAhlawat/ddgf/internal/repo/gen/advice_tag.sql.go:143.114,145.16 2 1
github.com/KaranAhlawat/ddgf/internal/repo/gen/advice_tag.sql.go:148.2,150.18 3 1
github.com/KaranAhlawat/ddgf/internal/repo/gen/advice_tag.sql.go:157.2,157.37 1 1
github.com/KaranAhlawat/ddgf/internal/repo/gen/advice_tag.sql.go:160.2,160.35 1 1
github.com/KaranAhlawat/ddgf/internal/repo/gen/advice_tag.sql.go:163.2,163.19 1 1
github.com/KaranAhlawat/ddgf/internal/repo/gen/advice_tag.sql.go:145.16,147.3 1 0
github.com/KaranAhlawat/ddgf/internal/repo/gen/advice_tag.sql.go:150.18,152.53 2 1
github.com/KaranAhlawat/ddgf/internal/repo/gen/advice_tag.sql.go:155.3,155.27 1 1
github.com/KaranAhlawat/ddgf/internal/repo/gen/advice_tag.sql.go:152.53,154.4 1 0
github.com/KaranAhlawat/ddgf/internal/repo/gen/advice_tag.sql.go:157.37,159.3 1 0
github.com/KaranAhlawat/ddgf/internal/repo/gen/advice_tag.sql.go:160.35,162.3 1 0
github.com/KaranAhlawat/ddgf/internal/repo/gen/db.go:19.28,21.2 1 1
github.com/KaranAhlawat/ddgf/internal/repo/gen/db.go:27.47,31.2 1 0
github.com/KaranAhlawat/ddgf/internal/repo/gen/page.sql.go:20.71,23.2 2 1
github.com/KaranAhlawat/ddgf/internal/repo/gen/page.sql.go:37.87,42.2 4 1
github.com/KaranAhlawat/ddgf/internal/repo/gen/page.sql.go:51.79,56.2 4 1
github.com/KaranAhlawat/ddgf/internal/repo/gen/page.sql.go:64.68,66.16 2 1
github.com/KaranAhlawat/ddgf/internal/repo/gen/page.sql.go:69.2,71.18 3 1
github.com/KaranAhlawat/ddgf/internal/repo/gen/page.sql.go:78.2,78.37 1 1
github.com/KaranAhlawat/ddgf/internal/repo/gen/page.sql.go:81.2,81.35 1 1
github.com/KaranAhlawat/ddgf/internal/repo/gen/page.sql.go:84.2,84.19 1 1
github.com/KaranAhlawat/ddgf/internal/repo/gen/page.sql.go:66.16,68.3 1 1
github.com/KaranAhlawat/ddgf/internal/repo/gen/page.sql.go:71.18,73.67 2 1
github.com/KaranAhlawat/ddgf/internal/repo/gen/page.sql.go:76.3,76.27 1 1
github.com/KaranAhlawat/ddgf/internal/repo/gen/page.sql.go:73.67,75.4 1 0
github.com/KaranAhlawat/ddgf/internal/repo/gen/page.sql.go:78.37,80.3 1 0
github.com/KaranAhlawat/ddgf/internal/repo/gen/page.sql.go:81.35,83.3 1 1
github.com/KaranAhlawat/ddgf/internal/repo/gen/page.sql.go:100.79,103.2 2 1
github.com/KaranAhlawat/ddgf/internal/repo/gen/tag.sql.go:19.70,22.2 2 1
github.com/KaranAhlawat/ddgf/internal/repo/gen/tag.sql.go:35.84,40.2 4 1
github.com/KaranAhlawat/ddgf/internal/repo/gen/tag.sql.go:49.77,54.2 4 1
github.com/KaranAhlawat/ddgf/internal/repo/gen/tag.sql.go:62.66,64.16 2 1
github.com/KaranAhlawat/ddgf/internal/repo/gen/tag.sql.go:67.2,69.18 3 1
github.com/KaranAhlawat/ddgf/internal/repo/gen/tag.sql.go:76.2,76.37 1 1
github.com/KaranAhlawat/ddgf/internal/repo/gen/tag.sql.go:79.2,79.35 1 1
github.com/KaranAhlawat/ddgf/internal/repo/gen/tag.sql.go:82.2,82.19 1 1
github.com/KaranAhlawat/ddgf/internal/repo/gen/tag.sql.go:64.16,66.3 1 1
github.com/KaranAhlawat/ddgf/internal/repo/gen/tag.sql.go:69.18,71.50 2 1
github.com/KaranAhlawat/ddgf/internal/repo/gen/tag.sql.go:74.3,74.27 1 1
github.com/KaranAhlawat/ddgf/internal/repo/gen/tag.sql.go:71.50,73.4 1 0
github.com/KaranAhlawat/ddgf/internal/repo/gen/tag.sql.go:76.37,78.3 1 0
github.com/KaranAhlawat/ddgf/internal/repo/gen/tag.sql.go:79.35,81.3 1 1
