mode: set
github.com/KaranAhlawat/ddgf/internal/repo/gen/page.sql.go:20.71,23.2 2 1
github.com/KaranAhlawat/ddgf/internal/repo/gen/page.sql.go:37.87,42.2 4 1
github.com/KaranAhlawat/ddgf/internal/repo/gen/page.sql.go:51.79,56.2 4 1
github.com/KaranAhlawat/ddgf/internal/repo/gen/page.sql.go:64.68,66.16 2 1
github.com/KaranAhlawat/ddgf/internal/repo/gen/page.sql.go:69.2,71.18 3 1
github.com/KaranAhlawat/ddgf/internal/repo/gen/page.sql.go:78.2,78.37 1 1
github.com/KaranAhlawat/ddgf/internal/repo/gen/page.sql.go:81.2,81.35 1 1
github.com/KaranAhlawat/ddgf/internal/repo/gen/page.sql.go:84.2,84.19 1 1
github.com/KaranAhlawat/ddgf/internal/repo/gen/page.sql.go:66.16,68.3 1 1
github.com/KaranAhlawat/ddgf/internal/repo/gen/page.sql.go:71.18,73.67 2 1
github.com/KaranAhlawat/ddgf/internal/repo/gen/page.sql.go:76.3,76.27 1 1
github.com/KaranAhlawat/ddgf/internal/repo/gen/page.sql.go:73.67,75.4 1 0
github.com/KaranAhlawat/ddgf/internal/repo/gen/page.sql.go:78.37,80.3 1 0
github.com/KaranAhlawat/ddgf/internal/repo/gen/page.sql.go:81.35,83.3 1 1
github.com/KaranAhlawat/ddgf/internal/repo/gen/page.sql.go:100.79,103.2 2 1
github.com/KaranAhlawat/ddgf/internal/repo/gen/tag.sql.go:19.70,22.2 2 1
github.com/KaranAhlawat/ddgf/internal/repo/gen/tag.sql.go:35.84,40.2 4 1
github.com/KaranAhlawat/ddgf/internal/repo/gen/tag.sql.go:49.77,54.2 4 1
github.com/KaranAhlawat/ddgf/internal/repo/gen/tag.sql.go:62.66,64.16 2 1
github.com/KaranAhlawat/ddgf/internal/repo/gen/tag.sql.go:67.2,69.18 3 1
github.com/KaranAhlawat/ddgf/internal/repo/gen/tag.sql.go:76.2,76.37 1 1
github.com/KaranAhlawat/ddgf/internal/repo/gen/tag.sql.go:79.2,79.35 1 1
github.com/KaranAhlawat/ddgf/internal/repo/gen/tag.sql.go:82.2,82.19 1 1
github.com/KaranAhlawat/ddgf/internal/repo/gen/tag.sql.go:64.16,66.3 1 1
github.com/KaranAhlawat/ddgf/internal/repo/gen/tag.sql.go:69.18,71.50 2 1
github.com/KaranAhlawat/ddgf/internal/repo/gen/tag.sql.go:74.3,74.27 1 1
github.com/KaranAhlawat/ddgf/internal/repo/gen/tag.sql.go:71.50,73.4 1 0
github.com/KaranAhlawat/ddgf/internal/repo/gen/tag.sql.go:76.37,78.3 1 0
github.com/KaranAhlawat/ddgf/internal/repo/gen/tag.sql.go:79.35,81.3 1 1
github.com/KaranAhlawat/ddgf/internal/repo/gen/db.go:19.28,21.2 1 1
github.com/KaranAhlawat/ddgf/internal/repo/gen/db.go:27.47,31.2 1 0
